<?xml version="1.0" encoding="UTF-8"?>
<testsuite xmlns:xsi="http://www.w3.org/2001/XMLSchema-instance" xsi:noNamespaceSchemaLocation="https://maven.apache.org/surefire/maven-surefire-plugin/xsd/surefire-test-report-3.0.xsd" version="3.0" name="com.bcopstein.PassageiroTest" time="0.077" tests="5" errors="0" skipped="0" failures="3">
  <properties>
[...]
</properties>
  <testcase name="testaInfoPontuacaoInvalida" classname="com.bcopstein.PassageiroTest" time="0.037"/>
  <testcase name="testaInfoPontuacao" classname="com.bcopstein.PassageiroTest" time="0.016">
    <failure type="org.opentest4j.AssertionFailedError"><![CDATA[org.opentest4j.AssertionFailedError: expected: com.bcopstein.entidades.Passageiro@1b8a29df<Passageiro [cpf=000.000.000-99, nome=teste, pontuacaoAcumulada=9, qtdadeAvaliacoes=3]> but was: com.bcopstein.entidades.Passageiro@4fbe37eb<Passageiro [cpf=000.000.000-99, nome=teste, pontuacaoAcumulada=9, qtdadeAvaliacoes=3]>
	at com.bcopstein.PassageiroTest.testaInfoPontuacao(PassageiroTest.java:42)
]]></failure>
  </testcase>
  <testcase name="testaNovoPassageiro" classname="com.bcopstein.PassageiroTest" time="0.001">
    <failure type="org.opentest4j.AssertionFailedError"><![CDATA[org.opentest4j.AssertionFailedError: expected: com.bcopstein.entidades.Passageiro@3e6f3f28<Passageiro [cpf=000.000.000-99, nome=teste, pontuacaoAcumulada=8, qtdadeAvaliacoes=1]> but was: com.bcopstein.entidades.Passageiro@7e19ebf0<Passageiro [cpf=000.000.000-99, nome=teste, pontuacaoAcumulada=8, qtdadeAvaliacoes=1]>
	at com.bcopstein.PassageiroTest.testaNovoPassageiro(PassageiroTest.java:23)
]]></failure>
  </testcase>
  <testcase name="testaPassageiroExistente" classname="com.bcopstein.PassageiroTest" time="0.001">
    <failure type="org.opentest4j.AssertionFailedError"><![CDATA[org.opentest4j.AssertionFailedError: expected: com.bcopstein.entidades.Passageiro@2474f125<Passageiro [cpf=000.000.000-99, nome=teste, pontuacaoAcumulada=7, qtdadeAvaliacoes=4]> but was: com.bcopstein.entidades.Passageiro@7357a011<Passageiro [cpf=000.000.000-99, nome=teste, pontuacaoAcumulada=7, qtdadeAvaliacoes=4]>
	at com.bcopstein.PassageiroTest.testaPassageiroExistente(PassageiroTest.java:30)
]]></failure>
  </testcase>
  <testcase name="testaGetPontuacaoMedia" classname="com.bcopstein.PassageiroTest" time="0.001"/>
</testsuite>